The boy ran.
The boy ran quickly.
The boy swam.
The boy swam quickly.
The girl ran.
The girl ran quickly.
The girl swam.
The girl swam quickly.
The big boy ran.
The big boy ran quickly.
The big boy swam.
The big boy swam quickly.
The big girl ran.
The big girl ran quickly.
The big girl swam.
The big girl swam quickly.
The small boy ran.
The small boy ran quickly.
The small boy swam.
The small boy swam quickly.
The small girl ran.
The small girl ran quickly.
The small girl swam.
The small girl swam quickly.
24 sentences.